<?xml version="1.0" encoding="UTF-8"?>
<coverage generated="1654778618016" clover="3.2.0">
  <project timestamp="1654778618016" name="All files">
    <metrics statements="4" coveredstatements="4" conditionals="0" coveredconditionals="0" methods="2" coveredmethods="2" elements="6" coveredelements="6" complexity="0" loc="4" ncloc="4" packages="1" files="1" classes="1"/>
    <file name="ViaCep.ts" path="C:\Users\User\Documents\pedroutzz\projects\la-vie-ts\src\infrastructure\externals\viaCep\ViaCep.ts">
      <metrics statements="4" coveredstatements="4" conditionals="0" coveredconditionals="0" methods="2" coveredmethods="2"/>
      <line num="6" count="1" type="stmt"/>
      <line num="10" count="1" type="stmt"/>
      <line num="17" count="1" type="stmt"/>
      <line num="18" count="1" type="stmt"/>
    </file>
  </project>
</coverage>
